<?xml version="1.0" encoding="UTF-8"?>
<testsuite xmlns:xsi="http://www.w3.org/2001/XMLSchema-instance" xsi:noNamespaceSchemaLocation="https://maven.apache.org/surefire/maven-surefire-plugin/xsd/surefire-test-report.xsd" name="ar.edu.unlp.objetos.uno.Ejercicio9.FarolaTest" time="0.315" tests="3" errors="1" skipped="0" failures="0">
  <properties>
[...]
</properties>
  <testcase name="testTurnOnAndOff" classname="ar.edu.unlp.objetos.uno.Ejercicio9.FarolaTest" time="0.275">
    <error type="java.lang.StackOverflowError">java.lang.StackOverflowError
</error>
  </testcase>
  <testcase name="testPairWithNeighbor" classname="ar.edu.unlp.objetos.uno.Ejercicio9.FarolaTest" time="0"/>
  <testcase name="testConstructor" classname="ar.edu.unlp.objetos.uno.Ejercicio9.FarolaTest" time="0.001"/>
</testsuite>